<?xml version="1.0" encoding="UTF-8"?>
<testng-results skipped="0" failed="0" total="1" passed="1">
  <reporter-output>
  </reporter-output>
  <suite name="Suite" duration-ms="19919" started-at="2020-02-13T09:32:38Z" finished-at="2020-02-13T09:32:58Z">
    <groups>
    </groups>
    <test name="TC001" duration-ms="19919" started-at="2020-02-13T09:32:38Z" finished-at="2020-02-13T09:32:58Z">
      <class name="ExecuteTests.FirstTest">
        <test-method status="PASS" signature="setup(java.lang.String)[pri:0, instance:ExecuteTests.FirstTest@6d00a15d]" name="setup" is-config="true" duration-ms="18255" started-at="2020-02-13T15:02:38Z" finished-at="2020-02-13T15:02:57Z">
          <params>
            <param index="0">
              <value>
                <![CDATA[TC001]]>
              </value>
            </param>
          </params>
          <reporter-output>
          </reporter-output>
        </test-method> <!-- setup -->
        <test-method status="PASS" signature="myScript()[pri:0, instance:ExecuteTests.FirstTest@6d00a15d]" name="myScript" duration-ms="1649" started-at="2020-02-13T15:02:57Z" finished-at="2020-02-13T15:02:58Z">
          <reporter-output>
          </reporter-output>
        </test-method> <!-- myScript -->
      </class> <!-- ExecuteTests.FirstTest -->
    </test> <!-- TC001 -->
  </suite> <!-- Suite -->
</testng-results>
